   1              		.cpu cortex-m33
   2              		.arch armv8-m.main
   3              		.fpu softvfp
   4              		.arch_extension dsp
   5              		.eabi_attribute 20, 1
   6              		.eabi_attribute 21, 1
   7              		.eabi_attribute 23, 3
   8              		.eabi_attribute 24, 1
   9              		.eabi_attribute 25, 1
  10              		.eabi_attribute 26, 1
  11              		.eabi_attribute 30, 6
  12              		.eabi_attribute 34, 1
  13              		.eabi_attribute 18, 4
  14              		.file	"main.c"
  15              		.text
  16              	.Ltext0:
  17              		.cfi_sections	.debug_frame
  18              		.align	1
  19              		.global	main
  20              		.syntax unified
  21              		.thumb
  22              		.thumb_func
  24              	main:
  25              	.LFB3:
  26              		.file 1 "./Source/main.c"
   1:./Source/main.c **** #include "stdio.h"
   2:./Source/main.c **** int main(void)
   3:./Source/main.c **** {
  27              		.loc 1 3 1
  28              		.cfi_startproc
  29              		@ args = 0, pretend = 0, frame = 0
  30              		@ frame_needed = 1, uses_anonymous_args = 0
  31              		@ link register save eliminated.
  32 0000 80B4     		push	{r7}
  33              	.LCFI0:
  34              		.cfi_def_cfa_offset 4
  35              		.cfi_offset 7, -4
  36 0002 00AF     		add	r7, sp, #0
  37              	.LCFI1:
  38              		.cfi_def_cfa_register 7
   4:./Source/main.c ****     // Hello, Boot sequence is finished. I'm in main function now!!
   5:./Source/main.c ****     return 0;
  39              		.loc 1 5 12
  40 0004 0023     		movs	r3, #0
   6:./Source/main.c **** }
  41              		.loc 1 6 1
  42 0006 1846     		mov	r0, r3
  43 0008 BD46     		mov	sp, r7
  44              	.LCFI2:
  45              		.cfi_def_cfa_register 13
  46              		@ sp needed
  47 000a 80BC     		pop	{r7}
  48              	.LCFI3:
  49              		.cfi_restore 7
  50              		.cfi_def_cfa_offset 0
  51 000c 7047     		bx	lr
  52              		.cfi_endproc
  53              	.LFE3:
  55              	.Letext0:
DEFINED SYMBOLS
                            *ABS*:00000000 main.c
C:\Users\ADMIN\AppData\Local\Temp\cc2Q2svx.s:18     .text:00000000 $t
C:\Users\ADMIN\AppData\Local\Temp\cc2Q2svx.s:24     .text:00000000 main

NO UNDEFINED SYMBOLS
